[     0 ms] Старт симуляции, режим: condition
[     2 ms] Болтун 0 подключился
[     2 ms] Болтун 1 подключился
[     3 ms] Болтун 2 подключился
[     3 ms] Болтун 3 подключился
[   491 ms] Болтун 3 набирает 2
[   702 ms] Болтун 2 отвечает на звонок 3
[   702 ms] Разговор 3 ↔ 2 (944 мс)
[   702 ms] Разговор 3 ↔ 2 (944 мс)
[  1010 ms] Линия 3 занята для 0
[  1011 ms] Линия 2 занята для 0
[  1011 ms] Линия 2 занята для 0
[  1011 ms] Линия 2 занята для 0
[  1011 ms] Болтун 0 набирает 1
[  1217 ms] Болтун 1 отвечает на звонок 0
[  1217 ms] Разговор 0 ↔ 1 (1045 мс)
[  1217 ms] Разговор 0 ↔ 1 (1045 мс)
[  1646 ms] Болтун 2 завершил разговор с 3 (944 мс)
[  1646 ms] Линия 0 занята для 2
[  1646 ms] Линия 3 занята для 2
[  1646 ms] Линия 3 занята для 2
[  1646 ms] Линия 3 занята для 2
[  1646 ms] Линия 3 занята для 2
[  1646 ms] Линия 0 занята для 2
[  1646 ms] Линия 1 занята для 2
[  1646 ms] Болтун 3 завершил разговор с 2 (944 мс)
[  2262 ms] Болтун 1 завершил разговор с 0 (1045 мс)
[  2262 ms] Линия 0 занята для 1
[  2262 ms] Болтун 1 набирает 2
[  2262 ms] Болтун 0 завершил разговор с 1 (1045 мс)
[  2366 ms] Болтун 2 отвечает на звонок 1
[  2366 ms] Разговор 1 ↔ 2 (438 мс)
[  2366 ms] Разговор 1 ↔ 2 (438 мс)
[  2804 ms] Болтун 2 завершил разговор с 1 (438 мс)
[  2804 ms] Линия 1 занята для 2
[  2804 ms] Линия 1 занята для 2
[  2805 ms] Болтун 2 набирает 3
[  2805 ms] Болтун 1 завершил разговор с 2 (438 мс)
[  3019 ms] Болтун 3 отвечает на звонок 2
[  3019 ms] Разговор 2 ↔ 3 (600 мс)
[  3019 ms] Разговор 2 ↔ 3 (600 мс)
[  3580 ms] Болтун 1 набирает 0
[  3619 ms] Болтун 3 завершил разговор с 2 (600 мс)
[  3619 ms] Линия 2 занята для 3
[  3619 ms] Линия 0 занята для 3
[  3619 ms] Линия 1 занята для 3
[  3619 ms] Линия 0 занята для 3
[  3619 ms] Линия 1 занята для 3
[  3619 ms] Линия 1 занята для 3
[  3619 ms] Линия 1 занята для 3
[  3619 ms] Линия 1 занята для 3
[  3619 ms] Болтун 2 завершил разговор с 3 (600 мс)
[  3652 ms] Болтун 0 отвечает на звонок 1
[  3652 ms] Разговор 1 ↔ 0 (529 мс)
[  3652 ms] Разговор 1 ↔ 0 (529 мс)
[  3923 ms] Линия 0 занята для 3
[  3923 ms] Линия 1 занята для 3
[  3924 ms] Болтун 3 набирает 2
[  4181 ms] Болтун 0 завершил разговор с 1 (529 мс)
[  4181 ms] Линия 2 занята для 0
[  4181 ms] Линия 2 занята для 0
[  4181 ms] Линия 3 занята для 0
[  4181 ms] Болтун 0 набирает 1
[  4181 ms] Болтун 1 завершил разговор с 0 (529 мс)
[  4275 ms] Болтун 2 отвечает на звонок 3
[  4275 ms] Разговор 3 ↔ 2 (415 мс)
[  4275 ms] Разговор 3 ↔ 2 (415 мс)
[  4535 ms] Болтун 1 отвечает на звонок 0
[  4535 ms] Разговор 0 ↔ 1 (697 мс)
[  4536 ms] Разговор 0 ↔ 1 (697 мс)
[  4690 ms] Болтун 2 завершил разговор с 3 (415 мс)
[  4690 ms] Болтун 3 завершил разговор с 2 (415 мс)
[  4690 ms] Болтун 3 отключился (осталось 3)
[  5233 ms] Болтун 1 завершил разговор с 0 (697 мс)
[  5233 ms] Болтун 0 завершил разговор с 1 (697 мс)
[  5558 ms] Болтун 2 набирает 1
[  5590 ms] Линия 1 занята для 0
[  5590 ms] Линия 3 занята для 0
[  5590 ms] Линия 2 занята для 0
[  5590 ms] Линия 3 занята для 0
[  5590 ms] Линия 1 занята для 0
[  5590 ms] Линия 2 занята для 0
[  5767 ms] Болтун 1 отвечает на звонок 2
[  5767 ms] Разговор 2 ↔ 1 (601 мс)
[  5767 ms] Разговор 2 ↔ 1 (601 мс)
[  6368 ms] Болтун 1 завершил разговор с 2 (601 мс)
[  6368 ms] Болтун 1 набирает 2
[  6369 ms] Болтун 2 завершил разговор с 1 (601 мс)
[  6651 ms] Болтун 2 отвечает на звонок 1
[  6651 ms] Разговор 1 ↔ 2 (765 мс)
[  6651 ms] Разговор 1 ↔ 2 (765 мс)
[  7416 ms] Болтун 2 завершил разговор с 1 (765 мс)
[  7417 ms] Болтун 2 набирает 1
[  7417 ms] Болтун 1 завершил разговор с 2 (765 мс)
[  8159 ms] Болтун 1 отвечает на звонок 2
[  8159 ms] Разговор 2 ↔ 1 (1001 мс)
[  8159 ms] Разговор 2 ↔ 1 (1001 мс)
[  9160 ms] Болтун 1 завершил разговор с 2 (1001 мс)
[  9160 ms] Болтун 2 завершил разговор с 1 (1001 мс)
[  9162 ms] Завершение симуляции, код 0
