[     0 ms] Старт симуляции, режим: semaphore
[     2 ms] Болтун 0 подключился
[     2 ms] Болтун 1 подключился
[     3 ms] Болтун 2 подключился
[     3 ms] Болтун 3 подключился
[   438 ms] Болтун 1 набирает 3
[   549 ms] Болтун 3 отвечает на звонок 1
[   549 ms] Разговор 1 ↔ 3 (495 мс)
[   549 ms] Разговор 1 ↔ 3 (495 мс)
[   626 ms] Болтун 2 набирает 0
[   638 ms] Болтун 0 отвечает на звонок 2
[   638 ms] Разговор 2 ↔ 0 (437 мс)
[   638 ms] Разговор 2 ↔ 0 (437 мс)
[  1043 ms] Болтун 3 завершил разговор с 1 (495 мс)
[  1044 ms] Болтун 1 завершил разговор с 3 (495 мс)
[  1074 ms] Болтун 0 завершил разговор с 2 (437 мс)
[  1075 ms] Болтун 0 набирает 3
[  1075 ms] Болтун 2 завершил разговор с 0 (437 мс)
[  1377 ms] Болтун 1 отключился (осталось 3)
[  1456 ms] Болтун 3 отвечает на звонок 0
[  1456 ms] Разговор 0 ↔ 3 (653 мс)
[  1456 ms] Разговор 0 ↔ 3 (653 мс)
[  2108 ms] Болтун 3 завершил разговор с 0 (653 мс)
[  2108 ms] Болтун 0 завершил разговор с 3 (653 мс)
[  2108 ms] Болтун 0 отключился (осталось 2)
[  2165 ms] Линия 0 занята для 2
[  2166 ms] Болтун 2 набирает 3
[  2460 ms] Болтун 3 отвечает на звонок 2
[  2460 ms] Разговор 2 ↔ 3 (400 мс)
[  2460 ms] Разговор 2 ↔ 3 (400 мс)
[  2860 ms] Болтун 3 завершил разговор с 2 (400 мс)
[  2861 ms] Линия 0 занята для 3
[  2861 ms] Линия 1 занята для 3
[  2861 ms] Линия 1 занята для 3
[  2861 ms] Линия 1 занята для 3
[  2861 ms] Линия 0 занята для 3
[  2861 ms] Линия 1 занята для 3
[  2861 ms] Болтун 2 завершил разговор с 3 (400 мс)
[  2861 ms] Болтун 2 отключился (осталось 1)
[  3511 ms] Линия 0 занята для 3
[  3511 ms] Линия 2 занята для 3
[  3511 ms] Линия 1 занята для 3
[  3511 ms] Линия 0 занята для 3
[  3511 ms] Линия 1 занята для 3
[  3511 ms] Линия 0 занята для 3
[  3511 ms] Болтун 3 отключился (осталось 0)
[  3511 ms] Последний болтун завершил работу
[  3512 ms] Завершение симуляции, код 0
