[     0 ms] Старт симуляции, режим: semaphore
[     0 ms] Болтун 0 подключился
[     0 ms] Болтун 1 подключился
[     0 ms] Болтун 2 подключился
[     1 ms] Болтун 3 подключился
[     1 ms] Болтун 4 подключился
[   203 ms] Болтун 1 набирает 2
[   208 ms] Болтун 4 набирает 0
[   345 ms] Болтун 0 отвечает на звонок 4
[   345 ms] Разговор 4 ↔ 0 (654 мс)
[   345 ms] Разговор 4 ↔ 0 (654 мс)
[   353 ms] Болтун 2 отвечает на звонок 1
[   353 ms] Разговор 1 ↔ 2 (744 мс)
[   353 ms] Разговор 1 ↔ 2 (744 мс)
[   823 ms] Линия 4 занята для 3
[   823 ms] Линия 1 занята для 3
[   823 ms] Линия 2 занята для 3
[   823 ms] Линия 2 занята для 3
[   823 ms] Линия 1 занята для 3
[   823 ms] Линия 4 занята для 3
[   823 ms] Линия 4 занята для 3
[  1000 ms] Болтун 0 завершил разговор с 4 (654 мс)
[  1000 ms] Болтун 4 завершил разговор с 0 (654 мс)
[  1097 ms] Болтун 2 завершил разговор с 1 (744 мс)
[  1097 ms] Болтун 1 завершил разговор с 2 (744 мс)
[  1157 ms] Болтун 4 набирает 1
[  1339 ms] Болтун 1 отвечает на звонок 4
[  1339 ms] Разговор 4 ↔ 1 (344 мс)
[  1340 ms] Разговор 4 ↔ 1 (344 мс)
[  1352 ms] Болтун 0 набирает 3
[  1542 ms] Болтун 3 отвечает на звонок 0
[  1542 ms] Разговор 0 ↔ 3 (438 мс)
[  1542 ms] Разговор 0 ↔ 3 (438 мс)
[  1685 ms] Болтун 1 завершил разговор с 4 (344 мс)
[  1685 ms] Болтун 4 завершил разговор с 1 (344 мс)
[  1813 ms] Болтун 2 набирает 1
[  1981 ms] Болтун 3 завершил разговор с 0 (438 мс)
[  1981 ms] Линия 2 занята для 3
[  1981 ms] Линия 2 занята для 3
[  1981 ms] Линия 1 занята для 3
[  1981 ms] Линия 1 занята для 3
[  1981 ms] Линия 0 занята для 3
[  1981 ms] Линия 1 занята для 3
[  1981 ms] Линия 2 занята для 3
[  1981 ms] Линия 1 занята для 3
[  1981 ms] Линия 2 занята для 3
[  1981 ms] Болтун 0 завершил разговор с 3 (438 мс)
[  2118 ms] Болтун 1 отвечает на звонок 2
[  2118 ms] Разговор 2 ↔ 1 (557 мс)
[  2118 ms] Разговор 2 ↔ 1 (557 мс)
[  2471 ms] Линия 2 занята для 3
[  2471 ms] Болтун 3 набирает 0
[  2476 ms] Болтун 0 отвечает на звонок 3
[  2476 ms] Разговор 3 ↔ 0 (708 мс)
[  2477 ms] Разговор 3 ↔ 0 (708 мс)
[  2618 ms] Линия 2 занята для 4
[  2618 ms] Линия 1 занята для 4
[  2618 ms] Линия 0 занята для 4
[  2618 ms] Линия 1 занята для 4
[  2618 ms] Линия 1 занята для 4
[  2618 ms] Линия 3 занята для 4
[  2618 ms] Линия 1 занята для 4
[  2618 ms] Линия 3 занята для 4
[  2676 ms] Болтун 1 завершил разговор с 2 (557 мс)
[  2676 ms] Линия 2 занята для 1
[  2676 ms] Линия 3 занята для 1
[  2676 ms] Линия 0 занята для 1
[  2676 ms] Линия 0 занята для 1
[  2676 ms] Линия 3 занята для 1
[  2676 ms] Линия 2 занята для 1
[  2676 ms] Линия 0 занята для 1
[  2676 ms] Болтун 1 отключился (осталось 4)
[  2676 ms] Болтун 2 завершил разговор с 1 (557 мс)
[  3100 ms] Линия 3 занята для 4
[  3100 ms] Линия 1 занята для 4
[  3100 ms] Линия 1 занята для 4
[  3100 ms] Болтун 4 набирает 2
[  3157 ms] Болтун 2 отвечает на звонок 4
[  3157 ms] Разговор 4 ↔ 2 (635 мс)
[  3157 ms] Разговор 4 ↔ 2 (635 мс)
[  3185 ms] Болтун 0 завершил разговор с 3 (708 мс)
[  3185 ms] Болтун 3 завершил разговор с 0 (708 мс)
[  3185 ms] Линия 1 занята для 0
[  3185 ms] Линия 2 занята для 0
[  3185 ms] Линия 2 занята для 0
[  3185 ms] Линия 2 занята для 0
[  3185 ms] Линия 2 занята для 0
[  3185 ms] Линия 1 занята для 0
[  3185 ms] Линия 1 занята для 0
[  3185 ms] Болтун 0 отключился (осталось 3)
[  3464 ms] Линия 0 занята для 3
[  3464 ms] Линия 4 занята для 3
[  3464 ms] Линия 1 занята для 3
[  3464 ms] Линия 4 занята для 3
[  3464 ms] Линия 0 занята для 3
[  3464 ms] Линия 2 занята для 3
[  3464 ms] Линия 0 занята для 3
[  3464 ms] Линия 2 занята для 3
[  3793 ms] Болтун 2 завершил разговор с 4 (635 мс)
[  3793 ms] Болтун 4 завершил разговор с 2 (635 мс)
[  3793 ms] Болтун 4 отключился (осталось 2)
[  3793 ms] Болтун 2 отключился (осталось 1)
[  3817 ms] Линия 0 занята для 3
[  3817 ms] Линия 1 занята для 3
[  3817 ms] Линия 0 занята для 3
[  3817 ms] Линия 2 занята для 3
[  3817 ms] Линия 2 занята для 3
[  3817 ms] Линия 2 занята для 3
[  3817 ms] Линия 4 занята для 3
[  3817 ms] Линия 2 занята для 3
[  4437 ms] Болтун 3 отключился (осталось 0)
[  4437 ms] Последний болтун завершил работу
[  4437 ms] Завершение симуляции, код 0
